
**i=0**
YPYP
j=0
k=1
YPYP
j=28
k=2
YPYP
k=3
YPYP
k=4
YPYP

**i=1**
YPYP
j=1
k=2
YPYP
j=0
k=3
YPYP
j=28
k=4
YPYP

**i=2**
YPYP
j=2
k=3
YPYP
j=1
k=4
YPYP
j=0
YPYP
j=28
YPYP

**i=3**
YPYP
j=3
k=4
YPYP
j=2
k=5
YPYP
j=1
k=6
YPYP
j=0
k=7
YPYP
j=28
YPYP

**i=4**
YPYP

**i=5**
YPYP
j=5
YPYP

**i=6**
YPYP
j=6
k=7
YPYP
j=5
YPYP

**i=7**
YPYP

**i=8**
YPYP

**i=9**
YPYP

**i=10**
YPYP

**i=11**
YPYP
j=11
k=12
YPYP

**i=12**
YPYP

**i=13**
YPYP

**i=14**
YPYP

**i=15**
YPYP

**i=16**
YPYP
j=16
YPYP

**i=17**
YPYP
j=17
k=18
YPYP
j=16
YPYP

**i=18**
YPYP
j=18
k=19
YPYP
j=17
k=20
YPYP
j=16
k=21
YPYP

**i=19**
YPYP
j=19
k=20
YPYP
j=18
k=21
YPYP
j=17
YPYP
j=16
YPYP

**i=20**
YPYP
j=20
k=21
YPYP
j=19
YPYP
j=18
k=22
YPYP
j=17
YPYP
j=16
YPYP

**i=21**
YPYP

**i=22**
YPYP
j=22
YPYP

**i=23**
YPYP
j=23
k=24
YPYP
j=22
YPYP

**i=24**
YPYP
j=24
k=25
YPYP
j=23
k=26
YPYP
j=22
k=27
YPYP

**i=25**
YPYP
j=25
k=26
YPYP
j=24
k=27
YPYP
j=23
YPYP
j=22
YPYP

**i=26**
YPYP
j=26
k=27
YPYP
j=25
YPYP
j=24
k=28
YPYP
j=23
YPYP
j=22
YPYP

**i=27**
YPYP

**i=28**
YPYP
j=28
YPYP
9